[2025/06/21 15:58:03   1]
Андрей[60819] (1): 
[2025/06/21 15:58:03   2]
Андрей[60819] (2): Привет
[2025/06/21 15:58:15   3]
Андрей[60819] (3): 
[2025/06/21 15:58:15   4]
Андрей[60819] (4): 
[2025/06/21 15:58:28   5]
Андрей[60819] (5): Подключен
[2025/06/21 15:59:24   6]
Андрей[60819] (6): 
[2025/06/21 15:59:24   7]
Андрей[60819] (7): Пока
[2025/06/21 16:00:30   8]
Андрей[60819] (8): Привет
[2025/06/21 16:08:07   1]
Анатолий[61114] (1): Привет
[2025/06/21 16:10:58   2]
Анатолий[61114] (2): Пока
[2025/06/21 16:11:29   3]
Анатолий[61114] (3): 
[2025/06/21 16:11:29   4]
Анатолий[61114] (4): Привет
[2025/06/21 16:12:49   5]
Игорь[61169] (1): Всем привет
[2025/06/21 16:13:00   6]
Игорь[61169] (2): Подключен
[2025/06/21 16:16:18   1]
Артем[61233] (1): Добрый день.
[2025/06/21 16:16:30   2]
pool-1-thread-1[61240] (1): Message - 1
[2025/06/21 16:16:31   3]
pool-1-thread-2[61242] (1): Message - 1
[2025/06/21 16:16:31   4]
pool-1-thread-3[61243] (1): Message - 1
[2025/06/21 16:16:31   5]
pool-1-thread-4[61244] (1): Message - 1
[2025/06/21 16:16:31   6]
pool-1-thread-1[61240] (2): Message - 2
[2025/06/21 16:16:32   7]
pool-1-thread-2[61242] (2): Message - 2
[2025/06/21 16:16:32   8]
pool-1-thread-3[61243] (2): Message - 2
[2025/06/21 16:16:32   9]
pool-1-thread-4[61244] (2): Message - 2
[2025/06/21 16:16:32  10]
pool-1-thread-1[61240] (3): Message - 3
[2025/06/21 16:16:33  11]
pool-1-thread-2[61242] (3): Message - 3
[2025/06/21 16:16:33  12]
pool-1-thread-3[61243] (3): Message - 3
[2025/06/21 16:16:33  13]
pool-1-thread-4[61244] (3): Message - 3
[2025/06/21 16:16:33  14]
pool-1-thread-1[61240] (4): Message - 4
[2025/06/21 16:16:34  15]
pool-1-thread-2[61242] (4): Message - 4
[2025/06/21 16:16:34  16]
pool-1-thread-3[61243] (4): Message - 4
[2025/06/21 16:16:34  17]
pool-1-thread-4[61244] (4): Message - 4
[2025/06/21 16:16:34  18]
pool-1-thread-1[61240] (5): Message - 5
[2025/06/21 16:16:35  19]
pool-1-thread-2[61242] (5): Message - 5
[2025/06/21 16:16:35  20]
pool-1-thread-3[61243] (5): Message - 5
[2025/06/21 16:16:35  21]
pool-1-thread-4[61244] (5): Message - 5
[2025/06/21 16:18:32  22]
Артем[61233] (2): Пока
