[2025/06/21 15:57:21   1]
INFO (1) : Привет! Сервер активен, Ожидание консольных команд или подключения пользователя.. 
 Чтобы выключить сервер - напишите exit
[2025/06/21 15:57:35   2]
НОВЫЙ ПОЛЬЗОВАТЕЛЬ  (1) : : Андрей[60819]
[2025/06/21 16:07:24   1]
INFO (1) : Привет! Сервер активен, Ожидание консольных команд или подключения пользователя.. 
 Чтобы выключить сервер - напишите exit
[2025/06/21 16:07:51   2]
НОВЫЙ ПОЛЬЗОВАТЕЛЬ  (1) : : Анатолий[61114]
[2025/06/21 16:12:18   3]
ВЫХОД ИЗ ЧАТА (1) : : Анатолий[61114]
[2025/06/21 16:12:19   4]
ЗАКРЫТИЕ КАНАЛА С ПОЛЬЗОВАТЕЛЕМ (1) : : [Анатолий[61114]]- выполнено
[2025/06/21 16:12:41   5]
НОВЫЙ ПОЛЬЗОВАТЕЛЬ  (2) : : Игорь[61169]
[2025/06/21 16:15:52   1]
INFO (1) : Привет! Сервер активен, Ожидание консольных команд или подключения пользователя.. 
 Чтобы выключить сервер - напишите exit
[2025/06/21 16:16:04   2]
НОВЫЙ ПОЛЬЗОВАТЕЛЬ  (1) : : Артем[61233]
[2025/06/21 16:16:29   3]
НОВЫЙ ПОЛЬЗОВАТЕЛЬ  (2) : : pool-1-thread-1[61240]
[2025/06/21 16:16:30   4]
НОВЫЙ ПОЛЬЗОВАТЕЛЬ  (3) : : pool-1-thread-2[61242]
[2025/06/21 16:16:30   5]
НОВЫЙ ПОЛЬЗОВАТЕЛЬ  (4) : : pool-1-thread-3[61243]
[2025/06/21 16:16:30   6]
НОВЫЙ ПОЛЬЗОВАТЕЛЬ  (5) : : pool-1-thread-4[61244]
[2025/06/21 16:16:35   7]
ВЫХОД ИЗ ЧАТА (1) : : pool-1-thread-1[61240]
[2025/06/21 16:16:36   8]
ВЫХОД ИЗ ЧАТА (2) : : pool-1-thread-2[61242]
[2025/06/21 16:16:36   9]
ВЫХОД ИЗ ЧАТА (3) : : pool-1-thread-3[61243]
[2025/06/21 16:16:36  10]
ВЫХОД ИЗ ЧАТА (4) : : pool-1-thread-4[61244]
[2025/06/21 16:16:36  11]
ЗАКРЫТИЕ КАНАЛА С ПОЛЬЗОВАТЕЛЕМ (1) : : [pool-1-thread-1[61240]]- выполнено
[2025/06/21 16:16:37  12]
ЗАКРЫТИЕ КАНАЛА С ПОЛЬЗОВАТЕЛЕМ (2) : : [pool-1-thread-2[61242]]- выполнено
[2025/06/21 16:16:37  13]
ЗАКРЫТИЕ КАНАЛА С ПОЛЬЗОВАТЕЛЕМ (3) : : [pool-1-thread-3[61243]]- выполнено
[2025/06/21 16:16:37  14]
ЗАКРЫТИЕ КАНАЛА С ПОЛЬЗОВАТЕЛЕМ (4) : : [pool-1-thread-4[61244]]- выполнено
[2025/06/21 16:18:32  15]
ЗАКРЫТИЕ КАНАЛА С ПОЛЬЗОВАТЕЛЕМ (5) : : [Артем[61233]]- выполнено
